TN:
SF:client\src\components\Button\Button.jsx
FN:4,(anonymous_0)
FNF:1
FNH:1
FNDA:12,(anonymous_0)
DA:4,1
DA:5,12
DA:7,12
LF:3
LH:3
BRDA:4,0,0,9
BRDA:4,1,0,9
BRDA:4,2,0,10
BRDA:4,3,0,11
BRDA:5,4,0,2
BRDA:5,4,1,10
BRF:6
BRH:6
end_of_record
TN:
SF:client\src\components\ErrorBoundary\ErrorBoundary.jsx
FN:4,(anonymous_0)
FN:9,(anonymous_1)
FN:14,(anonymous_2)
FN:28,(anonymous_3)
FN:47,(anonymous_4)
FNF:5
FNH:5
FNDA:11,(anonymous_0)
FNDA:10,(anonymous_1)
FNDA:5,(anonymous_2)
FNDA:26,(anonymous_3)
FNDA:1,(anonymous_4)
DA:5,11
DA:6,11
DA:11,10
DA:16,5
DA:19,5
DA:29,26
DA:31,15
DA:47,1
DA:85,11
LF:9
LH:9
BRDA:29,0,0,15
BRDA:29,0,1,11
BRDA:59,1,0,15
BRDA:59,1,1,3
BRDA:59,1,2,1
BRDA:59,1,3,1
BRDA:75,2,0,1
BRDA:75,2,1,1
BRF:8
BRH:8
end_of_record
TN:
SF:client\src\utils\performanceMonitor.js
FN:4,(anonymous_0)
FN:27,(anonymous_1)
FN:35,(anonymous_2)
FN:43,(anonymous_3)
FN:51,(anonymous_4)
FN:70,(anonymous_5)
FN:73,(anonymous_6)
FN:77,(anonymous_7)
FN:87,(anonymous_8)
FN:89,(anonymous_9)
FN:90,(anonymous_10)
FN:100,(anonymous_11)
FNF:12
FNH:8
FNDA:2,(anonymous_0)
FNDA:1,(anonymous_1)
FNDA:1,(anonymous_2)
FNDA:0,(anonymous_3)
FNDA:2,(anonymous_4)
FNDA:2,(anonymous_5)
FNDA:3,(anonymous_6)
FNDA:2,(anonymous_7)
FNDA:4,(anonymous_8)
FNDA:0,(anonymous_9)
FNDA:0,(anonymous_10)
FNDA:0,(anonymous_11)
DA:2,1
DA:5,2
DA:6,1
DA:7,1
DA:9,1
DA:10,1
DA:12,1
DA:18,1
DA:28,1
DA:29,1
DA:30,1
DA:31,1
DA:36,1
DA:44,0
DA:45,0
DA:46,0
DA:47,0
DA:52,2
DA:53,1
DA:54,1
DA:65,1
DA:71,2
DA:72,1
DA:73,3
DA:75,1
DA:76,1
DA:77,1
DA:78,2
DA:82,1
DA:89,4
DA:90,0
DA:91,0
DA:92,0
DA:93,0
DA:98,4
DA:99,3
DA:100,3
DA:101,0
DA:102,0
DA:103,0
DA:109,2
DA:111,1
DA:118,1
DA:119,1
LF:44
LH:33
BRDA:5,0,0,1
BRDA:5,0,1,1
BRDA:5,1,0,2
BRDA:5,1,1,2
BRDA:52,2,0,1
BRDA:52,2,1,1
BRDA:52,3,0,2
BRDA:52,3,1,2
BRDA:71,4,0,1
BRDA:71,4,1,1
BRDA:71,5,0,2
BRDA:71,5,1,2
BRDA:75,6,0,1
BRDA:75,6,1,0
BRDA:98,7,0,3
BRDA:98,7,1,1
BRDA:102,8,0,0
BRDA:102,8,1,0
BRDA:118,9,0,1
BRDA:118,9,1,0
BRF:20
BRH:16
end_of_record
TN:
SF:server\src\app.js
FN:20,(anonymous_0)
FN:28,(anonymous_1)
FN:37,(anonymous_2)
FN:41,(anonymous_3)
FN:51,(anonymous_4)
FN:66,(anonymous_5)
FN:95,(anonymous_6)
FN:117,(anonymous_7)
FN:135,(anonymous_8)
FN:173,(anonymous_9)
FNF:10
FNH:3
FNDA:0,(anonymous_0)
FNDA:0,(anonymous_1)
FNDA:1,(anonymous_2)
FNDA:2,(anonymous_3)
FNDA:3,(anonymous_4)
FNDA:0,(anonymous_5)
FNDA:0,(anonymous_6)
FNDA:0,(anonymous_7)
FNDA:0,(anonymous_8)
FNDA:0,(anonymous_9)
DA:1,1
DA:2,1
DA:3,1
DA:4,1
DA:9,1
DA:10,1
DA:11,1
DA:12,1
DA:15,1
DA:17,1
DA:20,1
DA:21,0
DA:22,0
DA:24,0
DA:25,0
DA:28,0
DA:29,0
DA:30,0
DA:32,0
DA:33,0
DA:37,1
DA:38,1
DA:41,1
DA:42,2
DA:44,2
DA:45,1
DA:47,1
DA:51,1
DA:52,3
DA:54,3
DA:55,1
DA:58,2
DA:59,1
DA:62,1
DA:66,1
DA:67,0
DA:68,0
DA:70,0
DA:71,0
DA:74,0
DA:79,0
DA:87,0
DA:88,0
DA:90,0
DA:95,1
DA:96,0
DA:97,0
DA:98,0
DA:100,0
DA:101,0
DA:104,0
DA:110,0
DA:112,0
DA:117,1
DA:118,0
DA:119,0
DA:124,0
DA:125,0
DA:128,0
DA:130,0
DA:135,1
DA:136,0
DA:137,0
DA:139,0
DA:140,0
DA:143,0
DA:144,0
DA:149,0
DA:150,0
DA:152,0
DA:153,0
DA:154,0
DA:156,0
DA:157,0
DA:163,0
DA:166,0
DA:168,0
DA:173,1
DA:174,0
DA:175,0
DA:177,0
DA:178,0
DA:181,0
DA:182,0
DA:187,0
DA:188,0
DA:190,0
DA:195,1
DA:198,1
DA:200,1
LF:90
LH:33
BRDA:22,0,0,0
BRDA:22,0,1,0
BRDA:24,1,0,0
BRDA:24,1,1,0
BRDA:29,2,0,0
BRDA:29,2,1,0
BRDA:44,3,0,1
BRDA:44,3,1,1
BRDA:44,4,0,2
BRDA:44,4,1,2
BRDA:54,5,0,1
BRDA:54,5,1,2
BRDA:54,6,0,3
BRDA:54,6,1,3
BRDA:54,6,2,3
BRDA:58,7,0,1
BRDA:58,7,1,1
BRDA:70,8,0,0
BRDA:70,8,1,0
BRDA:70,9,0,0
BRDA:70,9,1,0
BRDA:83,10,0,0
BRDA:83,10,1,0
BRDA:97,11,0,0
BRDA:97,12,0,0
BRDA:100,13,0,0
BRDA:100,13,1,0
BRDA:124,14,0,0
BRDA:124,14,1,0
BRDA:139,15,0,0
BRDA:139,15,1,0
BRDA:143,16,0,0
BRDA:143,16,1,0
BRDA:152,17,0,0
BRDA:152,17,1,0
BRDA:153,18,0,0
BRDA:153,18,1,0
BRDA:154,19,0,0
BRDA:154,19,1,0
BRDA:156,20,0,0
BRDA:156,20,1,0
BRDA:177,21,0,0
BRDA:177,21,1,0
BRDA:181,22,0,0
BRDA:181,22,1,0
BRF:45
BRH:11
end_of_record
TN:
SF:server\src\middleware\errorHandler.js
FN:4,(anonymous_0)
FN:42,(anonymous_1)
FN:51,(anonymous_2)
FN:58,(anonymous_3)
FNF:4
FNH:4
FNDA:7,(anonymous_0)
FNDA:1,(anonymous_1)
FNDA:8,(anonymous_2)
FNDA:8,(anonymous_3)
DA:1,2
DA:4,2
DA:6,7
DA:7,7
DA:8,7
DA:9,7
DA:10,7
DA:13,7
DA:14,7
DA:16,7
DA:17,1
DA:18,1
DA:19,6
DA:20,1
DA:21,1
DA:22,5
DA:23,1
DA:24,1
DA:25,4
DA:26,1
DA:27,1
DA:28,3
DA:29,1
DA:30,1
DA:34,7
DA:42,2
DA:43,1
DA:44,1
DA:51,2
DA:52,8
DA:55,8
DA:58,8
DA:59,8
DA:60,8
DA:63,8
DA:66,2
LF:36
LH:36
BRDA:16,0,0,1
BRDA:16,0,1,6
BRDA:19,1,0,1
BRDA:19,1,1,5
BRDA:22,2,0,1
BRDA:22,2,1,4
BRDA:25,3,0,1
BRDA:25,3,1,3
BRDA:28,4,0,1
BRDA:28,4,1,2
BRDA:37,5,0,7
BRDA:37,5,1,1
BRF:12
BRH:12
end_of_record
TN:
SF:server\src\middleware\validation.js
FN:1,(anonymous_0)
FNF:1
FNH:1
FNDA:5,(anonymous_0)
DA:1,1
DA:2,5
DA:4,5
DA:5,3
DA:8,2
DA:9,1
DA:12,1
DA:15,1
LF:8
LH:8
BRDA:4,0,0,3
BRDA:4,0,1,2
BRDA:4,1,0,5
BRDA:4,1,1,4
BRDA:4,1,2,3
BRDA:8,2,0,1
BRDA:8,2,1,1
BRF:7
BRH:7
end_of_record
TN:
SF:server\src\models\Post.js
FNF:0
FNH:0
DA:1,2
DA:3,2
DA:32,2
LF:3
LH:3
BRF:0
BRH:0
end_of_record
TN:
SF:server\src\models\User.js
FNF:0
FNH:0
DA:1,2
DA:3,2
DA:15,2
LF:3
LH:3
BRF:0
BRH:0
end_of_record
TN:
SF:server\src\utils\logger.js
FN:29,(anonymous_0)
FNF:1
FNH:1
FNDA:12,(anonymous_0)
DA:1,2
DA:4,2
DA:13,2
DA:22,2
DA:25,2
DA:29,12
DA:34,2
DA:47,2
DA:54,2
LF:9
LH:9
BRDA:48,0,0,0
BRDA:48,0,1,2
BRF:2
BRH:1
end_of_record
TN:
SF:server\src\utils\validation.js
FN:1,(anonymous_0)
FNF:1
FNH:1
FNDA:5,(anonymous_0)
DA:1,1
DA:2,5
DA:3,3
DA:6,2
DA:7,1
DA:10,1
DA:13,1
LF:7
LH:7
BRDA:2,0,0,3
BRDA:2,0,1,2
BRDA:2,1,0,5
BRDA:2,1,1,4
BRDA:2,1,2,3
BRDA:6,2,0,1
BRDA:6,2,1,1
BRF:7
BRH:7
end_of_record
